[20:07:01] [ServerMain/INFO]: Environment: Environment[sessionHost=https://sessionserver.mojang.com, servicesHost=https://api.minecraftservices.com, name=PROD]
[20:07:05] [ServerMain/INFO]: No existing world data, creating new world
[20:07:08] [ServerMain/INFO]: Loaded 1290 recipes
[20:07:08] [ServerMain/INFO]: Loaded 1399 advancements
[20:07:10] [Server thread/INFO]: Starting minecraft server version 1.21
[20:07:10] [Server thread/INFO]: Loading properties
[20:07:10] [Server thread/INFO]: Default game type: SURVIVAL
[20:07:10] [Server thread/INFO]: Generating keypair
[20:07:10] [Server thread/INFO]: Starting Minecraft server on *:25565
[20:07:10] [Server thread/INFO]: Using epoll channel type
[20:07:10] [Server thread/INFO]: Preparing level "world"
[20:07:36] [Server thread/INFO]: Preparing start region for dimension minecraft:overworld
[20:07:36] [Worker-Main-2/INFO]: Preparing spawn area: 2%
[20:07:37] [Worker-Main-1/INFO]: Preparing spawn area: 2%
[20:07:38] [Worker-Main-1/INFO]: Preparing spawn area: 2%
[20:07:38] [Worker-Main-1/INFO]: Preparing spawn area: 2%
[20:07:38] [Worker-Main-1/INFO]: Preparing spawn area: 2%
[20:07:39] [Worker-Main-1/INFO]: Preparing spawn area: 2%
[20:07:39] [Worker-Main-1/INFO]: Preparing spawn area: 2%
[20:07:40] [Worker-Main-1/INFO]: Preparing spawn area: 2%
[20:07:40] [Worker-Main-2/INFO]: Preparing spawn area: 2%
[20:07:41] [Worker-Main-2/INFO]: Preparing spawn area: 2%
[20:07:41] [Worker-Main-3/INFO]: Preparing spawn area: 2%
[20:07:42] [Worker-Main-3/INFO]: Preparing spawn area: 2%
[20:07:42] [Worker-Main-3/INFO]: Preparing spawn area: 2%
[20:07:43] [Worker-Main-1/INFO]: Preparing spawn area: 2%
[20:07:43] [Worker-Main-1/INFO]: Preparing spawn area: 14%
[20:07:44] [Worker-Main-2/INFO]: Preparing spawn area: 18%
[20:07:44] [Worker-Main-1/INFO]: Preparing spawn area: 18%
[20:07:45] [Worker-Main-2/INFO]: Preparing spawn area: 18%
[20:07:45] [Worker-Main-3/INFO]: Preparing spawn area: 18%
[20:07:46] [Worker-Main-2/INFO]: Preparing spawn area: 18%
[20:07:46] [Worker-Main-3/INFO]: Preparing spawn area: 18%
[20:07:47] [Worker-Main-3/INFO]: Preparing spawn area: 18%
[20:07:47] [Worker-Main-3/INFO]: Preparing spawn area: 18%
[20:07:48] [Worker-Main-2/INFO]: Preparing spawn area: 18%
[20:07:48] [Worker-Main-3/INFO]: Preparing spawn area: 18%
[20:07:49] [Worker-Main-3/INFO]: Preparing spawn area: 18%
[20:07:49] [Worker-Main-1/INFO]: Preparing spawn area: 18%
[20:07:50] [Worker-Main-1/INFO]: Preparing spawn area: 51%
[20:07:50] [Worker-Main-3/INFO]: Preparing spawn area: 51%
[20:07:51] [Worker-Main-2/INFO]: Preparing spawn area: 51%
[20:07:51] [Worker-Main-2/INFO]: Preparing spawn area: 51%
[20:07:52] [Worker-Main-2/INFO]: Preparing spawn area: 51%
[20:07:52] [Worker-Main-1/INFO]: Preparing spawn area: 51%
[20:07:53] [Worker-Main-1/INFO]: Preparing spawn area: 51%
[20:07:53] [Worker-Main-3/INFO]: Preparing spawn area: 51%
[20:07:54] [Worker-Main-3/INFO]: Preparing spawn area: 51%
[20:07:54] [Worker-Main-1/INFO]: Preparing spawn area: 51%
[20:07:55] [Worker-Main-2/INFO]: Preparing spawn area: 51%
[20:07:55] [Server thread/INFO]: Time elapsed: 19138 ms
[20:07:55] [Server thread/INFO]: Done (44.836s)! For help, type "help"
[20:07:55] [Server thread/INFO]: Starting remote control listener
[20:07:55] [Server thread/INFO]: Thread RCON Listener started
[20:07:55] [Server thread/INFO]: RCON running on 0.0.0.0:25575
